


ARM Macro Assembler    Page 1 


    1 00000000         ; LCD.s
    2 00000000         ; Student names: Ramya Ramachandran and Reece Stevens
    3 00000000         ; Last modification date: 10/25/14
    4 00000000         
    5 00000000         ; As part of Lab 7, students need to implement these LCD
                       _WriteCommand and LCD_WriteData
    6 00000000         ; This driver assumes two low-level LCD functions
    7 00000000         
    8 00000000         ; Runs on LM4F120/TM4C123
    9 00000000         ; Use SSI0 to send an 8-bit code to the Nokia5110 48x84 
                       pixel LCD.
   10 00000000         
   11 00000000         ; Red SparkFun Nokia 5110 (LCD-10168)
   12 00000000         ; -----------------------------------
   13 00000000         ; Signal        (Nokia 5110) LaunchPad pin
   14 00000000         ; 3.3V          (VCC, pin 1) power
   15 00000000         ; Ground        (GND, pin 2) ground
   16 00000000         ; SSI0Fss       (SCE, pin 3) connected to PA3
   17 00000000         ; Reset         (RST, pin 4) connected to PA7
   18 00000000         ; Data/Command  (D/C, pin 5) connected to PA6
   19 00000000         ; SSI0Tx        (DN,  pin 6) connected to PA5
   20 00000000         ; SSI0Clk       (SCLK, pin 7) connected to PA2
   21 00000000         ; back light    (LED, pin 8) not connected, consists of 
                       4 white LEDs which draw ~80mA total
   22 00000000         
   23 00000000 40004100 
                       DC      EQU              0x40004100
   24 00000000 00000000 
                       DC_COMMAND
                               EQU              0
   25 00000000 00000040 
                       DC_DATA EQU              0x40
   26 00000000 40008008 
                       SSI0_DR_R
                               EQU              0x40008008
   27 00000000 4000800C 
                       SSI0_SR_R
                               EQU              0x4000800C
   28 00000000 00000004 
                       SSI_SR_RNE
                               EQU              0x00000004  ; SSI Receive FIFO 
                                                            Not Empty
   29 00000000 00000010 
                       SSI_SR_BSY
                               EQU              0x00000010  ; SSI Busy Bit
   30 00000000 00000002 
                       SSI_SR_TNF
                               EQU              0x00000002  ; SSI Transmit FIFO
                                                             Not Full
   31 00000000         
   32 00000000                 EXPORT           LCD_WriteCommand
   33 00000000                 EXPORT           LCD_WriteData
   34 00000000         
   35 00000000                 AREA             |.text|, CODE, READONLY, ALIGN=
2
   36 00000000                 THUMB
   37 00000000                 ALIGN
   38 00000000         
   39 00000000         ; The Data/Command pin must be valid when the eighth bit



ARM Macro Assembler    Page 2 


                        is
   40 00000000         ; sent.  The SSI module has hardware input and output FI
                       FOs
   41 00000000         ; that are 8 locations deep.  Based on the observation t
                       hat
   42 00000000         ; the LCD interface tends to send a few commands and the
                       n a
   43 00000000         ; lot of data, the FIFOs are not used when writing
   44 00000000         ; commands, and they are used when writing data.  This
   45 00000000         ; ensures that the Data/Command pin status matches the b
                       yte
   46 00000000         ; that is actually being transmitted.
   47 00000000         ; The write command operation waits until all data has b
                       een
   48 00000000         ; sent, configures the Data/Command pin for commands, se
                       nds
   49 00000000         ; the command, and then waits for the transmission to
   50 00000000         ; finish.
   51 00000000         ; The write data operation waits until there is room in 
                       the
   52 00000000         ; transmit FIFO, configures the Data/Command pin for dat
                       a,
   53 00000000         ; and then adds the data to the transmit FIFO.
   54 00000000         ; NOTE: These functions will crash or stall indefinitely
                        if
   55 00000000         ; the SSI0 module is not initialized and enabled.
   56 00000000         
   57 00000000         
   58 00000000         
   59 00000000         ; ************** LCD_WriteCommand **********************
                       **
   60 00000000         ; This is a helper function that sends an 8-bit command 
                       to the LCD.
   61 00000000         ; inputs: R0  8-bit command to transmit
   62 00000000         ; outputs: none
   63 00000000         ; assumes: SSI0 and port A have already been initialized
                        and enabled
   64 00000000         ; Invariables: This function must not permanently modify
                        registers R4 to R11
   65 00000000         LCD_WriteCommand
   66 00000000         ;1) Read SSI0_SR_R and check bit 4, 
   67 00000000         ;2) If bit 4 is high, loop back to step 1 (wait for BUSY
                        bit to be low)
   68 00000000         ;3) Clear D/C=PA6 to zero
   69 00000000         ;4) Write the command to SSI0_DR_R
   70 00000000         ;5) Read SSI0_SR_R and check bit 4, 
   71 00000000         ;6) If bit 4 is high, loop back to step 5 (wait for BUSY
                        bit to be low)
   72 00000000         
   73 00000000         
   74 00000000         CheckBusy
   75 00000000 4912            LDR              R1, =SSI0_SR_R
   76 00000002 680A            LDR              R2, [R1]    ; Read SSIO_SR_R
   77 00000004 F002 0210       AND              R2, #0x10   ; Isolate bit 4
   78 00000008 2A00            CMP              R2, #0      ; Check bit 4
   79 0000000A D000            BEQ              Next
   80 0000000C E7F8            B                CheckBusy
   81 0000000E         
   82 0000000E         Next



ARM Macro Assembler    Page 3 


   83 0000000E 4910            LDR              R1, =DC
   84 00000010 680A            LDR              R2, [R1]
   85 00000012 F022 0240       BIC              R2, #0x40   ; clears D/C=PA6 to
                                                             zero 
   86 00000016 600A            STR              R2, [R1]
   87 00000018 4B0E            LDR              R3, =SSI0_DR_R
   88 0000001A 7018            STRB             R0, [R3]    ; writes the comman
                                                            d (input) to SSIO_D
                                                            R_R 
   89 0000001C         
   90 0000001C         CheckBusy2
   91 0000001C 490B            LDR              R1, =SSI0_SR_R
   92 0000001E 680A            LDR              R2, [R1]    ; Read SSIO_SR_R
   93 00000020 F002 0210       AND              R2, #0x10   ; Isolate bit 4
   94 00000024 2A00            CMP              R2, #0      ; Check bit 4
   95 00000026 D000            BEQ              Done
   96 00000028 E7F8            B                CheckBusy2
   97 0000002A         
   98 0000002A         Done
   99 0000002A         
  100 0000002A         
  101 0000002A         
  102 0000002A 4770            BX               LR          ; return
  103 0000002C         
  104 0000002C         
  105 0000002C         
  106 0000002C         
  107 0000002C         
  108 0000002C         ; ************** LCD_WriteData ************************
  109 0000002C         ; This is a helper function that sends an 8-bit data to 
                       the LCD.
  110 0000002C         ; inputs: R0  8-bit data to transmit
  111 0000002C         ; outputs: none
  112 0000002C         ; assumes: SSI0 and port A have already been initialized
                        and enabled
  113 0000002C         ; Invariables: This function must not permanently modify
                        registers R4 to R11
  114 0000002C         LCD_WriteData
  115 0000002C         ;1) Read SSI0_SR_R and check bit 1, 
  116 0000002C         ;2) If bit 1 is low loop back to step 1 (wait for TNF bi
                       t to be high)
  117 0000002C         ;3) Set D/C=PA6 to one
  118 0000002C         ;4) Write the 8-bit data to SSI0_DR_R
  119 0000002C         
  120 0000002C         CheckTNF
  121 0000002C 4907            LDR              R1, =SSI0_SR_R
  122 0000002E 680A            LDR              R2, [R1]
  123 00000030 F002 0202       AND              R2, #0x02   ; Isolate bit 1
  124 00000034 2A00            CMP              R2, #0
  125 00000036 D0F9            BEQ              CheckTNF
  126 00000038 E7FF            B                Next1
  127 0000003A         
  128 0000003A         
  129 0000003A         Next1
  130 0000003A 4905            LDR              R1, =DC
  131 0000003C 680A            LDR              R2, [R1]
  132 0000003E F042 0240       ORR              R2, #0x40   ; sets D/C=PA6 to o
                                                            ne 
  133 00000042 600A            STR              R2, [R1]



ARM Macro Assembler    Page 4 


  134 00000044 4B03            LDR              R3, =SSI0_DR_R
  135 00000046 7018            STRB             R0, [R3]    ; writes the data (
                                                            input) to SSIO_DR_R
                                                            
  136 00000048         
  137 00000048         
  138 00000048         
  139 00000048 4770            BX               LR          ; return
  140 0000004A         
  141 0000004A 00 00           ALIGN                        ; make sure the end
                                                             of this section is
                                                             aligned
  142 0000004C                 END                          ; end of file
              4000800C 
              40004100 
              40008008 
Command Line: --debug --xref --cpu=Cortex-M4 --apcs=interwork --depend=.\lcd.d 
-o.\lcd.o -IC:\Keil\ARM\RV31\INC -IC:\Keil\ARM\CMSIS\Include --predefine="__EVA
L SETA 1" --list=.\lcd.lst LCD.s



ARM Macro Assembler    Page 1 Alphabetic symbol ordering
Relocatable symbols

.text 00000000

Symbol: .text
   Definitions
      At line 35 in file LCD.s
   Uses
      None
Comment: .text unused
CheckBusy 00000000

Symbol: CheckBusy
   Definitions
      At line 74 in file LCD.s
   Uses
      At line 80 in file LCD.s
Comment: CheckBusy used once
CheckBusy2 0000001C

Symbol: CheckBusy2
   Definitions
      At line 90 in file LCD.s
   Uses
      At line 96 in file LCD.s
Comment: CheckBusy2 used once
CheckTNF 0000002C

Symbol: CheckTNF
   Definitions
      At line 120 in file LCD.s
   Uses
      At line 125 in file LCD.s
Comment: CheckTNF used once
Done 0000002A

Symbol: Done
   Definitions
      At line 98 in file LCD.s
   Uses
      At line 95 in file LCD.s
Comment: Done used once
LCD_WriteCommand 00000000

Symbol: LCD_WriteCommand
   Definitions
      At line 65 in file LCD.s
   Uses
      At line 32 in file LCD.s
Comment: LCD_WriteCommand used once
LCD_WriteData 0000002C

Symbol: LCD_WriteData
   Definitions
      At line 114 in file LCD.s
   Uses
      At line 33 in file LCD.s
Comment: LCD_WriteData used once
Next 0000000E

Symbol: Next



ARM Macro Assembler    Page 2 Alphabetic symbol ordering
Relocatable symbols

   Definitions
      At line 82 in file LCD.s
   Uses
      At line 79 in file LCD.s
Comment: Next used once
Next1 0000003A

Symbol: Next1
   Definitions
      At line 129 in file LCD.s
   Uses
      At line 126 in file LCD.s
Comment: Next1 used once
9 symbols



ARM Macro Assembler    Page 1 Alphabetic symbol ordering
Absolute symbols

DC 40004100

Symbol: DC
   Definitions
      At line 23 in file LCD.s
   Uses
      At line 83 in file LCD.s
      At line 130 in file LCD.s

DC_COMMAND 00000000

Symbol: DC_COMMAND
   Definitions
      At line 24 in file LCD.s
   Uses
      None
Comment: DC_COMMAND unused
DC_DATA 00000040

Symbol: DC_DATA
   Definitions
      At line 25 in file LCD.s
   Uses
      None
Comment: DC_DATA unused
SSI0_DR_R 40008008

Symbol: SSI0_DR_R
   Definitions
      At line 26 in file LCD.s
   Uses
      At line 87 in file LCD.s
      At line 134 in file LCD.s

SSI0_SR_R 4000800C

Symbol: SSI0_SR_R
   Definitions
      At line 27 in file LCD.s
   Uses
      At line 75 in file LCD.s
      At line 91 in file LCD.s
      At line 121 in file LCD.s

SSI_SR_BSY 00000010

Symbol: SSI_SR_BSY
   Definitions
      At line 29 in file LCD.s
   Uses
      None
Comment: SSI_SR_BSY unused
SSI_SR_RNE 00000004

Symbol: SSI_SR_RNE
   Definitions
      At line 28 in file LCD.s
   Uses
      None



ARM Macro Assembler    Page 2 Alphabetic symbol ordering
Absolute symbols

Comment: SSI_SR_RNE unused
SSI_SR_TNF 00000002

Symbol: SSI_SR_TNF
   Definitions
      At line 30 in file LCD.s
   Uses
      None
Comment: SSI_SR_TNF unused
8 symbols
350 symbols in table
